### ISSUE TITLE
100% CPU In Owin Thread On Self Hosted WebAPI

### ISSUE THREAD

**Issue by pradsin** [auth0/auth0-aspnet-owin#49]
On Examining the threads which were taking high CPU, it was found out that all of those threads are stuck in accessing a Dictionary.

![owin](https://cloud.githubusercontent.com/assets/19728219/26153521/530f4916-3b29-11e7-80ab-9ce6d7e3d95d.png)

Here is WinDBG CLRStack of all High CPU Taking Threads

Loading Dump File [E:\Shared\Logs\100%CPUYogi\3CLogicStarter_6.dmp]
User Mini Dump File with Full Memory: Only application data is available

************* Symbol Path validation summary **************
Response                         Time (ms)     Location
Deferred                                       symsrv*symsrv.dll*E:\Symbols*E:\PDBs*http://msdl.microsoft.com/download/symbols
Symbol search path is: symsrv*symsrv.dll*E:\Symbols*E:\PDBs*http://msdl.microsoft.com/download/symbols
Executable search path is: 
Windows 8.1 Version 9600 MP (4 procs) Free x86 compatible
Product: WinNt, suite: SingleUserTS Personal
Built by: 6.3.9600.18217 (winblue_ltsb.160124-0053)
Machine Name:
Debug session time: Wed May 17 17:51:06.000 2017 (UTC + 5:30)
System Uptime: 0 days 1:26:27.672
Process Uptime: 0 days 1:01:33.000
................................................................
................................................................
...........
Loading unloaded module list
.........
*** ERROR: Symbol file could not be found.  Defaulted to export symbols for KERNELBASE.dll - 
eax=0000008c ebx=00000001 ecx=00000000 edx=00000000 esi=00000002 edi=00000002
eip=7761c7ec esp=00a3cc68 ebp=00a3cdf0 iopl=0         nv up ei pl nz na po nc
cs=0023  ss=002b  ds=002b  es=002b  fs=0053  gs=002b             efl=00000202
ntdll!NtWaitForMultipleObjects+0xc:
7761c7ec c21400          ret     14h
0:000> .loadby sos clr
0:000> !runaway
 User Mode Time
  Thread       Time
  42:55c       0 days 0:09:36.109
  39:1d44      0 days 0:09:35.687
  40:147c      0 days 0:02:43.062
  41:1cc8      0 days 0:02:42.593
   8:1388      0 days 0:00:08.687
  20:1734      0 days 0:00:05.218
   0:e50       0 days 0:00:03.109
   4:6d4       0 days 0:00:02.328
  36:1198      0 days 0:00:01.390
  21:1764      0 days 0:00:01.234
  14:16c4      0 days 0:00:01.187
  12:1924      0 days 0:00:00.593
  32:1bd4      0 days 0:00:00.468
  44:1c90      0 days 0:00:00.359
  16:1700      0 days 0:00:00.328
  24:df0       0 days 0:00:00.296
  43:1f60      0 days 0:00:00.281
  26:1948      0 days 0:00:00.265
  45:16e0      0 days 0:00:00.234
  46:1664      0 days 0:00:00.218
  25:16a0      0 days 0:00:00.218
  31:10e4      0 days 0:00:00.203
  28:15e0      0 days 0:00:00.187
  27:11f8      0 days 0:00:00.156
  30:b4        0 days 0:00:00.140
  29:1590      0 days 0:00:00.125
  22:16a4      0 days 0:00:00.109
   2:5ec       0 days 0:00:00.093
  38:1978      0 days 0:00:00.078
  47:1254      0 days 0:00:00.062
  48:8f4       0 days 0:00:00.031
  52:1b3c      0 days 0:00:00.015
  51:16d4      0 days 0:00:00.015
  23:15ec      0 days 0:00:00.015
  19:1ba4      0 days 0:00:00.015
  50:1c98      0 days 0:00:00.000
  49:132c      0 days 0:00:00.000
  37:14d8      0 days 0:00:00.000
  35:1b6c      0 days 0:00:00.000
  34:1b98      0 days 0:00:00.000
  33:918       0 days 0:00:00.000
  18:a0c       0 days 0:00:00.000
  17:16ec      0 days 0:00:00.000
  15:158       0 days 0:00:00.000
  13:92c       0 days 0:00:00.000
  11:1750      0 days 0:00:00.000
  10:2d8       0 days 0:00:00.000
   9:858       0 days 0:00:00.000
   7:a58       0 days 0:00:00.000
   6:1264      0 days 0:00:00.000
   5:1178      0 days 0:00:00.000
   3:1644      0 days 0:00:00.000
   1:1614      0 days 0:00:00.000
0:000> ~40s
eax=00000000 ebx=02a90fd8 ecx=00000003 edx=128a17cc esi=030e5a80 edi=030e8ce8
eip=737e6eb9 esp=05cae7a0 ebp=05cae7c4 iopl=0         nv up ei pl zr na pe nc
cs=0023  ss=002b  ds=002b  es=002b  fs=0053  gs=002b             efl=00000246
mscorlib_ni+0x366eb9:
737e6eb9 3b45f0          cmp     eax,dword ptr [ebp-10h] ss:002b:05cae7b4=3c3317dd
0:040> !CLRStack
OS Thread Id: 0x147c (40)
Child SP       IP Call Site
05cae7a0 737e6eb9 System.Collections.Generic.Dictionary`2[[System.__Canon, mscorlib],[System.__Canon, mscorlib]].Insert(System.__Canon, System.__Canon, Boolean)
05cae7d4 737d9beb System.Collections.Generic.Dictionary`2[[System.__Canon, mscorlib],[System.__Canon, mscorlib]].set_Item(System.__Canon, System.__Canon)
05cae7dc 0d4cb95f Microsoft.Owin.Host.HttpListener.RequestProcessing.CallEnvironment.set_Item(System.String, System.Object)
05cae7f0 0d5499a0 Microsoft.Owin.OwinRequest.Set[[System.__Canon, mscorlib]](System.String, System.__Canon)
05cae808 0d54995f Microsoft.Owin.Security.Infrastructure.OwinRequestExtensions.RegisterAuthenticationHandler(Microsoft.Owin.IOwinRequest, Microsoft.Owin.Security.Infrastructure.AuthenticationHandler)
05cae824 0d549632 Microsoft.Owin.Security.Infrastructure.AuthenticationHandler+d__0.MoveNext()
05cae85c 0d54952f System.Runtime.CompilerServices.AsyncMethodBuilderCore.Start[[Microsoft.Owin.Security.Infrastructure.AuthenticationHandler+d__0, Microsoft.Owin.Security]](d__0 ByRef)
05cae8b4 0d5494c3 Microsoft.Owin.Security.Infrastructure.AuthenticationHandler.BaseInitializeAsync(Microsoft.Owin.Security.AuthenticationOptions, Microsoft.Owin.IOwinContext)
05cae90c 0d549437 Microsoft.Owin.Security.Infrastructure.AuthenticationHandler`1[[System.__Canon, mscorlib]].Initialize(System.__Canon, Microsoft.Owin.IOwinContext)
05cae918 0d549093 Microsoft.Owin.Security.Infrastructure.AuthenticationMiddleware`1+d__0[[System.__Canon, mscorlib]].MoveNext()
05cae950 0d548fe3 System.Runtime.CompilerServices.AsyncMethodBuilderCore.Start[[Microsoft.Owin.Security.Infrastructure.AuthenticationMiddleware`1+d__0[[System.__Canon, mscorlib]], Microsoft.Owin.Security]](d__0 ByRef)
05cae9b0 0d548f66 System.Runtime.CompilerServices.AsyncTaskMethodBuilder`1[[System.Threading.Tasks.VoidTaskResult, mscorlib]].Start[[Microsoft.Owin.Security.Infrastructure.AuthenticationMiddleware`1+d__0[[System.__Canon, mscorlib]], Microsoft.Owin.Security]](d__0 ByRef)
05cae9cc 0d548f0c System.Runtime.CompilerServices.AsyncTaskMethodBuilder.Start[[Microsoft.Owin.Security.Infrastructure.AuthenticationMiddleware`1+d__0[[System.__Canon, mscorlib]], Microsoft.Owin.Security]](d__0 ByRef)
05cae9e4 0d548eb1 Microsoft.Owin.Security.Infrastructure.AuthenticationMiddleware`1[[System.__Canon, mscorlib]].Invoke(Microsoft.Owin.IOwinContext)
05caea38 0d4cc777 Microsoft.Owin.Infrastructure.OwinMiddlewareTransition.Invoke(System.Collections.Generic.IDictionary`2)
05caea4c 0d548c87 Microsoft.Owin.Mapping.MapMiddleware+d__0.MoveNext()
05caea94 0d548a5f System.Runtime.CompilerServices.AsyncMethodBuilderCore.Start[[Microsoft.Owin.Mapping.MapMiddleware+d__0, Microsoft.Owin]](d__0 ByRef)
05caeaec 0d5489f5 Microsoft.Owin.Mapping.MapMiddleware.Invoke(System.Collections.Generic.IDictionary`2)
05caeb44 0d54896d Microsoft.Owin.Cors.CorsMiddleware.HandleCorsRequestAsync(Microsoft.Owin.IOwinContext, System.Web.Cors.CorsPolicy, System.Web.Cors.CorsRequestContext)
05caeb60 0d4ced52 Microsoft.Owin.Cors.CorsMiddleware+d__0.MoveNext()
05caeb98 0d4ce697 System.Runtime.CompilerServices.AsyncMethodBuilderCore.Start[[Microsoft.Owin.Cors.CorsMiddleware+d__0, Microsoft.Owin.Cors]](d__0 ByRef)
05caebf0 0d4ce495 Microsoft.Owin.Cors.CorsMiddleware.Invoke(System.Collections.Generic.IDictionary`2)
05caec48 0d4ce3c7 Microsoft.Owin.Infrastructure.AppFuncTransition.Invoke(Microsoft.Owin.IOwinContext)
05caec54 0d4cdc34 WebAstra.Shared.Rest.RestPreProcessor+d__6.MoveNext()
05caec84 737f8de3 System.Runtime.CompilerServices.AsyncMethodBuilderCore+MoveNextRunner.InvokeMoveNext(System.Object)
05caec8c 737d0d07 System.Threading.ExecutionContext.RunInternal(System.Threading.ExecutionContext, System.Threading.ContextCallback, System.Object, Boolean)
05caecf8 737d0c56 System.Threading.ExecutionContext.Run(System.Threading.ExecutionContext, System.Threading.ContextCallback, System.Object, Boolean)
05caed0c 737f493f System.Runtime.CompilerServices.AsyncMethodBuilderCore+MoveNextRunner.Run()
05caed3c 737f8d33 System.Threading.Tasks.AwaitTaskContinuation.RunOrScheduleAction(System.Action, Boolean, System.Threading.Tasks.Task ByRef)
05caed68 737c01f6 System.Threading.Tasks.Task.FinishContinuations()
05caedb4 737bff08 System.Threading.Tasks.Task.FinishStageThree()
05caedc0 737f51bb System.Threading.Tasks.Task.FinishStageTwo()
05caede8 737f5070 System.Threading.Tasks.Task.Finish(Boolean)
05caee14 737f4bbd System.Threading.Tasks.Task.ExecuteWithThreadLocal(System.Threading.Tasks.Task ByRef)
05caee78 737f4ac3 System.Threading.Tasks.Task.ExecuteEntry(Boolean)
05caee88 737f4a0f System.Threading.Tasks.Task.System.Threading.IThreadPoolWorkItem.ExecuteWorkItem()
05caee8c 73795269 System.Threading.ThreadPoolWorkQueue.Dispatch()
05caeedc 73795115 System.Threading._ThreadPoolWaitCallback.PerformWaitCallback()
05caf100 745d2372 [DebuggerU2MCatchHandlerFrame: 05caf100] 
05caf16c 745d2372 [ContextTransitionFrame: 05caf16c] 
05caf2f4 745d2372 [DebuggerU2MCatchHandlerFrame: 05caf2f4] 
0:040> ~42s
eax=00000000 ebx=00000003 ecx=127ede24 edx=02eb5aa0 esi=02eb57c0 edi=00000000
eip=737e9cd8 esp=0ef2e148 ebp=0ef2e164 iopl=0         nv up ei pl zr na pe nc
cs=0023  ss=002b  ds=002b  es=002b  fs=0053  gs=002b             efl=00000246
mscorlib_ni+0x369cd8:
737e9cd8 3b45f0          cmp     eax,dword ptr [ebp-10h] ss:002b:0ef2e154=3c850816
0:042> !CLRStack
OS Thread Id: 0x55c (42)
Child SP       IP Call Site
0ef2e148 737e9cd8 System.Collections.Generic.Dictionary`2[[System.__Canon, mscorlib],[System.__Canon, mscorlib]].FindEntry(System.__Canon)
0ef2e16c 737eac6d System.Collections.Generic.Dictionary`2[[System.__Canon, mscorlib],[System.__Canon, mscorlib]].TryGetValue(System.__Canon, System.__Canon ByRef)
0ef2e17c 0d4cafdb Microsoft.Owin.Host.HttpListener.RequestProcessing.CallEnvironment.TryGetValue(System.String, System.Object ByRef)
0ef2e190 0d5a3acc System.Collections.Generic.DictionaryExtensions.TryGetValue[[System.__Canon, mscorlib]](System.Collections.Generic.IDictionary`2, System.String, System.__Canon ByRef)
0ef2e1ac 0d5a3a54 System.Web.Http.Owin.OwinRequestExtensions.DisableBuffering(Microsoft.Owin.IOwinRequest)
0ef2e1bc 0d5a2a97 System.Web.Http.Owin.HttpMessageHandlerAdapter+d__0.MoveNext()
0ef2e24c 0d5a1def System.Runtime.CompilerServices.AsyncMethodBuilderCore.Start[[System.Web.Http.Owin.HttpMessageHandlerAdapter+d__0, System.Web.Http.Owin]](d__0 ByRef)
0ef2e2a4 0d5a1c19 System.Web.Http.Owin.HttpMessageHandlerAdapter.InvokeCore(Microsoft.Owin.IOwinContext, Microsoft.Owin.IOwinRequest, Microsoft.Owin.IOwinResponse)
0ef2e31c 0d5a18e2 System.Web.Http.Owin.HttpMessageHandlerAdapter.Invoke(Microsoft.Owin.IOwinContext)
0ef2e330 0d4cc777 Microsoft.Owin.Infrastructure.OwinMiddlewareTransition.Invoke(System.Collections.Generic.IDictionary`2)
0ef2e344 0d54e833 SqueezeMe.CompressionStrategies.DirectCompressionStrategy+d__0.MoveNext()
0ef2e3d8 73f6cf7f System.Runtime.CompilerServices.AsyncMethodBuilderCore.Start[[System.__Canon, mscorlib]](System.__Canon ByRef)
0ef2e434 73fe48cd System.Runtime.CompilerServices.AsyncTaskMethodBuilder`1[[System.Threading.Tasks.VoidTaskResult, mscorlib]].Start[[System.__Canon, mscorlib]](System.__Canon ByRef)
0ef2e450 73f7030f System.Runtime.CompilerServices.AsyncTaskMethodBuilder.Start[[System.__Canon, mscorlib]](System.__Canon ByRef)
0ef2e468 0d54e4c8 SqueezeMe.CompressionStrategies.DirectCompressionStrategy.Compress(System.Func`2,System.Threading.Tasks.Task>, Microsoft.Owin.OwinContext, SqueezeMe.ICompressor, System.IO.Stream)
0ef2e4b4 0d54bfcc SqueezeMe.CompressionMiddleware+d__5.MoveNext()
0ef2e53c 73f6cf7f System.Runtime.CompilerServices.AsyncMethodBuilderCore.Start[[System.__Canon, mscorlib]](System.__Canon ByRef)
0ef2e598 73fe48cd System.Runtime.CompilerServices.AsyncTaskMethodBuilder`1[[System.Threading.Tasks.VoidTaskResult, mscorlib]].Start[[System.__Canon, mscorlib]](System.__Canon ByRef)
0ef2e5b4 73f7030f System.Runtime.CompilerServices.AsyncTaskMethodBuilder.Start[[System.__Canon, mscorlib]](System.__Canon ByRef)
0ef2e5cc 0d54bd56 SqueezeMe.CompressionMiddleware.Invoke(System.Collections.Generic.IDictionary`2)
0ef2e60c 0d4ce3c7 Microsoft.Owin.Infrastructure.AppFuncTransition.Invoke(Microsoft.Owin.IOwinContext)
0ef2e618 0d549222 Microsoft.Owin.Security.Infrastructure.AuthenticationMiddleware`1+d__0[[System.__Canon, mscorlib]].MoveNext()
0ef2e650 737f8de3 System.Runtime.CompilerServices.AsyncMethodBuilderCore+MoveNextRunner.InvokeMoveNext(System.Object)
0ef2e658 737d0d07 System.Threading.ExecutionContext.RunInternal(System.Threading.ExecutionContext, System.Threading.ContextCallback, System.Object, Boolean)
0ef2e6c4 737d0c56 System.Threading.ExecutionContext.Run(System.Threading.ExecutionContext, System.Threading.ContextCallback, System.Object, Boolean)
0ef2e6d8 737f493f System.Runtime.CompilerServices.AsyncMethodBuilderCore+MoveNextRunner.Run()
0ef2e708 737f8d33 System.Threading.Tasks.AwaitTaskContinuation.RunOrScheduleAction(System.Action, Boolean, System.Threading.Tasks.Task ByRef)
0ef2e734 737c01f6 System.Threading.Tasks.Task.FinishContinuations()
0ef2e780 737bff08 System.Threading.Tasks.Task.FinishStageThree()
0ef2e78c 737f3950 System.Threading.Tasks.Task`1[[System.Boolean, mscorlib]].TrySetResult(Boolean)
0ef2e79c 737f38d1 System.Runtime.CompilerServices.AsyncTaskMethodBuilder`1[[System.Boolean, mscorlib]].SetResult(Boolean)
0ef2e7b4 0d549e32 WebAstra.Shared.Rest.RestAuthenticationHandler+d__1.MoveNext()
0ef2e7e4 737f8de3 System.Runtime.CompilerServices.AsyncMethodBuilderCore+MoveNextRunner.InvokeMoveNext(System.Object)
0ef2e7ec 737d0d07 System.Threading.ExecutionContext.RunInternal(System.Threading.ExecutionContext, System.Threading.ContextCallback, System.Object, Boolean)
0ef2e858 737d0c56 System.Threading.ExecutionContext.Run(System.Threading.ExecutionContext, System.Threading.ContextCallback, System.Object, Boolean)
0ef2e86c 737f493f System.Runtime.CompilerServices.AsyncMethodBuilderCore+MoveNextRunner.Run()
0ef2e89c 737f8d33 System.Threading.Tasks.AwaitTaskContinuation.RunOrScheduleAction(System.Action, Boolean, System.Threading.Tasks.Task ByRef)
0ef2e8c8 737c01f6 System.Threading.Tasks.Task.FinishContinuations()
0ef2e914 737bff08 System.Threading.Tasks.Task.FinishStageThree()
0ef2e920 737f51bb System.Threading.Tasks.Task.FinishStageTwo()
0ef2e948 737f5070 System.Threading.Tasks.Task.Finish(Boolean)
0ef2e974 737f4bbd System.Threading.Tasks.Task.ExecuteWithThreadLocal(System.Threading.Tasks.Task ByRef)
0ef2e9d8 737f4ac3 System.Threading.Tasks.Task.ExecuteEntry(Boolean)
0ef2e9e8 737f4a0f System.Threading.Tasks.Task.System.Threading.IThreadPoolWorkItem.ExecuteWorkItem()
0ef2e9ec 73795269 System.Threading.ThreadPoolWorkQueue.Dispatch()
0ef2ea3c 73795115 System.Threading._ThreadPoolWaitCallback.PerformWaitCallback()
0ef2ec60 745d2372 [DebuggerU2MCatchHandlerFrame: 0ef2ec60] 
0ef2eccc 745d2372 [ContextTransitionFrame: 0ef2eccc] 
0ef2ee54 745d2372 [DebuggerU2MCatchHandlerFrame: 0ef2ee54] 
0:042> !runaway
 User Mode Time
  Thread       Time
  42:55c       0 days 0:09:36.109
  39:1d44      0 days 0:09:35.687
  40:147c      0 days 0:02:43.062
  41:1cc8      0 days 0:02:42.593
   8:1388      0 days 0:00:08.687
  20:1734      0 days 0:00:05.218
   0:e50       0 days 0:00:03.109
   4:6d4       0 days 0:00:02.328
  36:1198      0 days 0:00:01.390
  21:1764      0 days 0:00:01.234
  14:16c4      0 days 0:00:01.187
  12:1924      0 days 0:00:00.593
  32:1bd4      0 days 0:00:00.468
  44:1c90      0 days 0:00:00.359
  16:1700      0 days 0:00:00.328
  24:df0       0 days 0:00:00.296
  43:1f60      0 days 0:00:00.281
  26:1948      0 days 0:00:00.265
  45:16e0      0 days 0:00:00.234
  46:1664      0 days 0:00:00.218
  25:16a0      0 days 0:00:00.218
  31:10e4      0 days 0:00:00.203
  28:15e0      0 days 0:00:00.187
  27:11f8      0 days 0:00:00.156
  30:b4        0 days 0:00:00.140
  29:1590      0 days 0:00:00.125
  22:16a4      0 days 0:00:00.109
   2:5ec       0 days 0:00:00.093
  38:1978      0 days 0:00:00.078
  47:1254      0 days 0:00:00.062
  48:8f4       0 days 0:00:00.031
  52:1b3c      0 days 0:00:00.015
  51:16d4      0 days 0:00:00.015
  23:15ec      0 days 0:00:00.015
  19:1ba4      0 days 0:00:00.015
  50:1c98      0 days 0:00:00.000
  49:132c      0 days 0:00:00.000
  37:14d8      0 days 0:00:00.000
  35:1b6c      0 days 0:00:00.000
  34:1b98      0 days 0:00:00.000
  33:918       0 days 0:00:00.000
  18:a0c       0 days 0:00:00.000
  17:16ec      0 days 0:00:00.000
  15:158       0 days 0:00:00.000
  13:92c       0 days 0:00:00.000
  11:1750      0 days 0:00:00.000
  10:2d8       0 days 0:00:00.000
   9:858       0 days 0:00:00.000
   7:a58       0 days 0:00:00.000
   6:1264      0 days 0:00:00.000
   5:1178      0 days 0:00:00.000
   3:1644      0 days 0:00:00.000
   1:1614      0 days 0:00:00.000
0:042> ~41s
eax=00000000 ebx=00000003 ecx=128a17cc edx=030e8ce8 esi=030e5a80 edi=00000000
eip=737e9cd8 esp=0e67e4f8 ebp=0e67e514 iopl=0         nv up ei pl zr na pe nc
cs=0023  ss=002b  ds=002b  es=002b  fs=0053  gs=002b             efl=00000246
mscorlib_ni+0x369cd8:
737e9cd8 3b45f0          cmp     eax,dword ptr [ebp-10h] ss:002b:0e67e504=3c850816
0:041> !CLRStack
OS Thread Id: 0x1cc8 (41)
Child SP       IP Call Site
0e67e4f8 737e9cd8 System.Collections.Generic.Dictionary`2[[System.__Canon, mscorlib],[System.__Canon, mscorlib]].FindEntry(System.__Canon)
0e67e51c 737eac6d System.Collections.Generic.Dictionary`2[[System.__Canon, mscorlib],[System.__Canon, mscorlib]].TryGetValue(System.__Canon, System.__Canon ByRef)
0e67e52c 0d4cafdb Microsoft.Owin.Host.HttpListener.RequestProcessing.CallEnvironment.TryGetValue(System.String, System.Object ByRef)
0e67e540 0d5a3acc System.Collections.Generic.DictionaryExtensions.TryGetValue[[System.__Canon, mscorlib]](System.Collections.Generic.IDictionary`2, System.String, System.__Canon ByRef)
0e67e55c 0d5a3a54 System.Web.Http.Owin.OwinRequestExtensions.DisableBuffering(Microsoft.Owin.IOwinRequest)
0e67e56c 0d5a2a97 System.Web.Http.Owin.HttpMessageHandlerAdapter+d__0.MoveNext()
0e67e5fc 0d5a1def System.Runtime.CompilerServices.AsyncMethodBuilderCore.Start[[System.Web.Http.Owin.HttpMessageHandlerAdapter+d__0, System.Web.Http.Owin]](d__0 ByRef)
0e67e654 0d5a1c19 System.Web.Http.Owin.HttpMessageHandlerAdapter.InvokeCore(Microsoft.Owin.IOwinContext, Microsoft.Owin.IOwinRequest, Microsoft.Owin.IOwinResponse)
0e67e6cc 0d5a18e2 System.Web.Http.Owin.HttpMessageHandlerAdapter.Invoke(Microsoft.Owin.IOwinContext)
0e67e6e0 0d4cc777 Microsoft.Owin.Infrastructure.OwinMiddlewareTransition.Invoke(System.Collections.Generic.IDictionary`2)
0e67e6f4 0d54e833 SqueezeMe.CompressionStrategies.DirectCompressionStrategy+d__0.MoveNext()
0e67e788 73f6cf7f System.Runtime.CompilerServices.AsyncMethodBuilderCore.Start[[System.__Canon, mscorlib]](System.__Canon ByRef)
0e67e7e4 73fe48cd System.Runtime.CompilerServices.AsyncTaskMethodBuilder`1[[System.Threading.Tasks.VoidTaskResult, mscorlib]].Start[[System.__Canon, mscorlib]](System.__Canon ByRef)
0e67e800 73f7030f System.Runtime.CompilerServices.AsyncTaskMethodBuilder.Start[[System.__Canon, mscorlib]](System.__Canon ByRef)
0e67e818 0d54e4c8 SqueezeMe.CompressionStrategies.DirectCompressionStrategy.Compress(System.Func`2,System.Threading.Tasks.Task>, Microsoft.Owin.OwinContext, SqueezeMe.ICompressor, System.IO.Stream)
0e67e864 0d54bfcc SqueezeMe.CompressionMiddleware+d__5.MoveNext()
0e67e8ec 73f6cf7f System.Runtime.CompilerServices.AsyncMethodBuilderCore.Start[[System.__Canon, mscorlib]](System.__Canon ByRef)
0e67e948 73fe48cd System.Runtime.CompilerServices.AsyncTaskMethodBuilder`1[[System.Threading.Tasks.VoidTaskResult, mscorlib]].Start[[System.__Canon, mscorlib]](System.__Canon ByRef)
0e67e964 73f7030f System.Runtime.CompilerServices.AsyncTaskMethodBuilder.Start[[System.__Canon, mscorlib]](System.__Canon ByRef)
0e67e97c 0d54bd56 SqueezeMe.CompressionMiddleware.Invoke(System.Collections.Generic.IDictionary`2)
0e67e9bc 0d4ce3c7 Microsoft.Owin.Infrastructure.AppFuncTransition.Invoke(Microsoft.Owin.IOwinContext)
0e67e9c8 0d549222 Microsoft.Owin.Security.Infrastructure.AuthenticationMiddleware`1+d__0[[System.__Canon, mscorlib]].MoveNext()
0e67ea00 737f8de3 System.Runtime.CompilerServices.AsyncMethodBuilderCore+MoveNextRunner.InvokeMoveNext(System.Object)
0e67ea08 737d0d07 System.Threading.ExecutionContext.RunInternal(System.Threading.ExecutionContext, System.Threading.ContextCallback, System.Object, Boolean)
0e67ea74 737d0c56 System.Threading.ExecutionContext.Run(System.Threading.ExecutionContext, System.Threading.ContextCallback, System.Object, Boolean)
0e67ea88 737f493f System.Runtime.CompilerServices.AsyncMethodBuilderCore+MoveNextRunner.Run()
0e67eab8 737f8d33 System.Threading.Tasks.AwaitTaskContinuation.RunOrScheduleAction(System.Action, Boolean, System.Threading.Tasks.Task ByRef)
0e67eae4 737c01f6 System.Threading.Tasks.Task.FinishContinuations()
0e67eb30 737bff08 System.Threading.Tasks.Task.FinishStageThree()
0e67eb3c 737f3950 System.Threading.Tasks.Task`1[[System.Boolean, mscorlib]].TrySetResult(Boolean)
0e67eb4c 737f38d1 System.Runtime.CompilerServices.AsyncTaskMethodBuilder`1[[System.Boolean, mscorlib]].SetResult(Boolean)
0e67eb64 0d549e32 WebAstra.Shared.Rest.RestAuthenticationHandler+d__1.MoveNext()
0e67eb94 737f8de3 System.Runtime.CompilerServices.AsyncMethodBuilderCore+MoveNextRunner.InvokeMoveNext(System.Object)
0e67eb9c 737d0d07 System.Threading.ExecutionContext.RunInternal(System.Threading.ExecutionContext, System.Threading.ContextCallback, System.Object, Boolean)
0e67ec08 737d0c56 System.Threading.ExecutionContext.Run(System.Threading.ExecutionContext, System.Threading.ContextCallback, System.Object, Boolean)
0e67ec1c 737f493f System.Runtime.CompilerServices.AsyncMethodBuilderCore+MoveNextRunner.Run()
0e67ec4c 737f8d33 System.Threading.Tasks.AwaitTaskContinuation.RunOrScheduleAction(System.Action, Boolean, System.Threading.Tasks.Task ByRef)
0e67ec78 737c01f6 System.Threading.Tasks.Task.FinishContinuations()
0e67ecc4 737bff08 System.Threading.Tasks.Task.FinishStageThree()
0e67ecd0 737f51bb System.Threading.Tasks.Task.FinishStageTwo()
0e67ecf8 737f5070 System.Threading.Tasks.Task.Finish(Boolean)
0e67ed24 737f4bbd System.Threading.Tasks.Task.ExecuteWithThreadLocal(System.Threading.Tasks.Task ByRef)
0e67ed88 737f4ac3 System.Threading.Tasks.Task.ExecuteEntry(Boolean)
0e67ed98 737f4a0f System.Threading.Tasks.Task.System.Threading.IThreadPoolWorkItem.ExecuteWorkItem()
0e67ed9c 73795269 System.Threading.ThreadPoolWorkQueue.Dispatch()
0e67edec 73795115 System.Threading._ThreadPoolWaitCallback.PerformWaitCallback()
0e67f010 745d2372 [DebuggerU2MCatchHandlerFrame: 0e67f010] 
0e67f07c 745d2372 [ContextTransitionFrame: 0e67f07c] 
0e67f204 745d2372 [DebuggerU2MCatchHandlerFrame: 0e67f204] 
0:041> ~43s
eax=00000000 ebx=766688d0 ecx=00000000 edx=00000000 esi=00000000 edi=00000504
eip=7761c27c esp=0f12e9b8 ebp=0f12ea28 iopl=0         nv up ei pl nz na pe nc
cs=0023  ss=002b  ds=002b  es=002b  fs=0053  gs=002b             efl=00000206
ntdll!NtWaitForSingleObject+0xc:
7761c27c c20c00          ret     0Ch
0:043> !CLRStack
OS Thread Id: 0x1f60 (43)
Child SP       IP Call Site
GetFrameContext failed: 1
00000000 00000000 
0:043> ~44s
eax=00000000 ebx=766688d0 ecx=00000000 edx=00000000 esi=00000000 edi=00000504
eip=7761c27c esp=0b02f858 ebp=0b02f8c8 iopl=0         nv up ei pl nz na po nc
cs=0023  ss=002b  ds=002b  es=002b  fs=0053  gs=002b             efl=00000202
ntdll!NtWaitForSingleObject+0xc:
7761c27c c20c00          ret     0Ch
0:044> !CLRStack
OS Thread Id: 0x1c90 (44)
Child SP       IP Call Site
GetFrameContext failed: 1
00000000 00000000 
0:044> ~39s
eax=00000000 ebx=02a90fd8 ecx=00000003 edx=127ede24 esi=02eb57c0 edi=02eb5aa0
eip=737e6ea3 esp=08ace090 ebp=08ace0b4 iopl=0         nv up ei pl zr na pe nc
cs=0023  ss=002b  ds=002b  es=002b  fs=0053  gs=002b             efl=00000246
mscorlib_ni+0x366ea3:
737e6ea3 8b7e08          mov     edi,dword ptr [esi+8] ds:002b:02eb57c8=02eb5aa0
0:039> !CLRStack
OS Thread Id: 0x1d44 (39)
Child SP       IP Call Site
08ace090 737e6ea3 System.Collections.Generic.Dictionary`2[[System.__Canon, mscorlib],[System.__Canon, mscorlib]].Insert(System.__Canon, System.__Canon, Boolean)
08ace0c4 737d9beb System.Collections.Generic.Dictionary`2[[System.__Canon, mscorlib],[System.__Canon, mscorlib]].set_Item(System.__Canon, System.__Canon)
08ace0cc 0d4cb95f Microsoft.Owin.Host.HttpListener.RequestProcessing.CallEnvironment.set_Item(System.String, System.Object)
08ace0e0 0d5499a0 Microsoft.Owin.OwinRequest.Set[[System.__Canon, mscorlib]](System.String, System.__Canon)
08ace0f8 0d54995f Microsoft.Owin.Security.Infrastructure.OwinRequestExtensions.RegisterAuthenticationHandler(Microsoft.Owin.IOwinRequest, Microsoft.Owin.Security.Infrastructure.AuthenticationHandler)
08ace114 0d549632 Microsoft.Owin.Security.Infrastructure.AuthenticationHandler+d__0.MoveNext()
08ace14c 0d54952f System.Runtime.CompilerServices.AsyncMethodBuilderCore.Start[[Microsoft.Owin.Security.Infrastructure.AuthenticationHandler+d__0, Microsoft.Owin.Security]](d__0 ByRef)
08ace1a4 0d5494c3 Microsoft.Owin.Security.Infrastructure.AuthenticationHandler.BaseInitializeAsync(Microsoft.Owin.Security.AuthenticationOptions, Microsoft.Owin.IOwinContext)
08ace1fc 0d549437 Microsoft.Owin.Security.Infrastructure.AuthenticationHandler`1[[System.__Canon, mscorlib]].Initialize(System.__Canon, Microsoft.Owin.IOwinContext)
08ace208 0d549093 Microsoft.Owin.Security.Infrastructure.AuthenticationMiddleware`1+d__0[[System.__Canon, mscorlib]].MoveNext()
08ace240 0d548fe3 System.Runtime.CompilerServices.AsyncMethodBuilderCore.Start[[Microsoft.Owin.Security.Infrastructure.AuthenticationMiddleware`1+d__0[[System.__Canon, mscorlib]], Microsoft.Owin.Security]](d__0 ByRef)
08ace2a0 0d548f66 System.Runtime.CompilerServices.AsyncTaskMethodBuilder`1[[System.Threading.Tasks.VoidTaskResult, mscorlib]].Start[[Microsoft.Owin.Security.Infrastructure.AuthenticationMiddleware`1+d__0[[System.__Canon, mscorlib]], Microsoft.Owin.Security]](d__0 ByRef)
08ace2bc 0d548f0c System.Runtime.CompilerServices.AsyncTaskMethodBuilder.Start[[Microsoft.Owin.Security.Infrastructure.AuthenticationMiddleware`1+d__0[[System.__Canon, mscorlib]], Microsoft.Owin.Security]](d__0 ByRef)
08ace2d4 0d548eb1 Microsoft.Owin.Security.Infrastructure.AuthenticationMiddleware`1[[System.__Canon, mscorlib]].Invoke(Microsoft.Owin.IOwinContext)
08ace328 0d4cc777 Microsoft.Owin.Infrastructure.OwinMiddlewareTransition.Invoke(System.Collections.Generic.IDictionary`2)
08ace33c 0d548c87 Microsoft.Owin.Mapping.MapMiddleware+d__0.MoveNext()
08ace384 0d548a5f System.Runtime.CompilerServices.AsyncMethodBuilderCore.Start[[Microsoft.Owin.Mapping.MapMiddleware+d__0, Microsoft.Owin]](d__0 ByRef)
08ace3dc 0d5489f5 Microsoft.Owin.Mapping.MapMiddleware.Invoke(System.Collections.Generic.IDictionary`2)
08ace434 0d54896d Microsoft.Owin.Cors.CorsMiddleware.HandleCorsRequestAsync(Microsoft.Owin.IOwinContext, System.Web.Cors.CorsPolicy, System.Web.Cors.CorsRequestContext)
08ace450 0d4ced52 Microsoft.Owin.Cors.CorsMiddleware+d__0.MoveNext()
08ace488 0d4ce697 System.Runtime.CompilerServices.AsyncMethodBuilderCore.Start[[Microsoft.Owin.Cors.CorsMiddleware+d__0, Microsoft.Owin.Cors]](d__0 ByRef)
08ace4e0 0d4ce495 Microsoft.Owin.Cors.CorsMiddleware.Invoke(System.Collections.Generic.IDictionary`2)
08ace538 0d4ce3c7 Microsoft.Owin.Infrastructure.AppFuncTransition.Invoke(Microsoft.Owin.IOwinContext)
08ace544 0d4cdc34 WebAstra.Shared.Rest.RestPreProcessor+d__6.MoveNext()
08ace574 737f8de3 System.Runtime.CompilerServices.AsyncMethodBuilderCore+MoveNextRunner.InvokeMoveNext(System.Object)
08ace57c 737d0d07 System.Threading.ExecutionContext.RunInternal(System.Threading.ExecutionContext, System.Threading.ContextCallback, System.Object, Boolean)
08ace5e8 737d0c56 System.Threading.ExecutionContext.Run(System.Threading.ExecutionContext, System.Threading.ContextCallback, System.Object, Boolean)
08ace5fc 737f493f System.Runtime.CompilerServices.AsyncMethodBuilderCore+MoveNextRunner.Run()
08ace62c 737f8d33 System.Threading.Tasks.AwaitTaskContinuation.RunOrScheduleAction(System.Action, Boolean, System.Threading.Tasks.Task ByRef)
08ace658 737c01f6 System.Threading.Tasks.Task.FinishContinuations()
08ace6a4 737bff08 System.Threading.Tasks.Task.FinishStageThree()
08ace6b0 737f51bb System.Threading.Tasks.Task.FinishStageTwo()
08ace6d8 737f5070 System.Threading.Tasks.Task.Finish(Boolean)
08ace704 737f4bbd System.Threading.Tasks.Task.ExecuteWithThreadLocal(System.Threading.Tasks.Task ByRef)
08ace768 737f4ac3 System.Threading.Tasks.Task.ExecuteEntry(Boolean)
08ace778 737f4a0f System.Threading.Tasks.Task.System.Threading.IThreadPoolWorkItem.ExecuteWorkItem()
08ace77c 73795269 System.Threading.ThreadPoolWorkQueue.Dispatch()
08ace7cc 73795115 System.Threading._ThreadPoolWaitCallback.PerformWaitCallback()
08ace9f0 745d2372 [DebuggerU2MCatchHandlerFrame: 08ace9f0] 
08acea5c 745d2372 [ContextTransitionFrame: 08acea5c] 
08acebe4 745d2372 [DebuggerU2MCatchHandlerFrame: 08acebe4] 

Any quick help will save my life...

**Comment by pradsin** [comment]
This is probably happening as all the four threads are trying to use same dictionary without a lock

**Comment by jerriep** [comment]
@pradsin We cannot assist you with ASP.NET issues. Please open an issue with Microsoft about this.
